2020-09-08 11:51:37,399 [Worker-7: Loading available Gradle versions] INFO  o.e.b.c.i.u.g.PublishedGradleVersions - Gradle version information cache is up-to-date. Trying to read.
2020-09-08 11:52:09,741 [Worker-27: Importing Maven projects] INFO  o.e.m.c.i.l.LifecycleMappingFactory - Using org.eclipse.m2e.jdt.JarLifecycleMapping lifecycle mapping for MavenProject: ghaffarian:progex:3.4.5 @ C:\workspace\tools\progex\progex\pom.xml.
2020-09-08 11:52:11,682 [Worker-27: Importing Maven projects] INFO  o.e.m.c.i.e.AbstractTransferListenerAdapter - Downloaded https://jitpack.io/com/github/ghaffarian/nanologger/v1.1/nanologger-v1.1.pom
2020-09-08 11:52:13,317 [Worker-27: Importing Maven projects] INFO  o.e.m.c.i.e.AbstractTransferListenerAdapter - Downloaded https://jitpack.io/com/github/ghaffarian/graphs/v2.5.0/graphs-v2.5.0.pom
2020-09-08 11:52:14,244 [AetherRepositoryConnector-jitpack.io-0-0] INFO  o.e.m.c.i.e.AbstractTransferListenerAdapter - Downloading https://jitpack.io/com/github/ghaffarian/nanologger/v1.1/nanologger-v1.1.jar
2020-09-08 11:52:14,444 [AetherRepositoryConnector-jitpack.io-0-1] INFO  o.e.m.c.i.e.AbstractTransferListenerAdapter - Downloading https://jitpack.io/com/github/ghaffarian/graphs/v2.5.0/graphs-v2.5.0.jar
2020-09-08 11:52:15,080 [AetherRepositoryConnector-jitpack.io-0-0] INFO  o.e.m.c.i.e.AbstractTransferListenerAdapter - Downloaded https://jitpack.io/com/github/ghaffarian/nanologger/v1.1/nanologger-v1.1.jar
2020-09-08 11:52:15,284 [AetherRepositoryConnector-jitpack.io-0-1] INFO  o.e.m.c.i.e.AbstractTransferListenerAdapter - Downloaded https://jitpack.io/com/github/ghaffarian/graphs/v2.5.0/graphs-v2.5.0.jar
2020-09-08 11:52:16,138 [Worker-27: Importing Maven projects] INFO  o.e.m.j.i.AbstractJavaProjectConfigurator - Adding source folder /progex/src/main/java
2020-09-08 11:52:16,144 [Worker-27: Importing Maven projects] INFO  o.e.m.j.i.AbstractJavaProjectConfigurator - Adding source folder /progex/src/test/java
2020-09-08 11:52:16,144 [Worker-27: Importing Maven projects] INFO  o.e.m.j.i.AbstractJavaProjectConfigurator - Adding resource folder /progex/src/test/resources
2020-09-08 11:52:16,779 [Worker-27: Importing Maven projects] INFO  o.e.m.c.i.p.ProjectConfigurationManager - Imported and configured 1 project(s) in 9 sec
2020-09-08 11:52:17,685 [Worker-20: Download sources and javadoc] INFO  o.e.m.c.i.e.AbstractTransferListenerAdapter - Downloading https://jitpack.io/com/github/ghaffarian/nanologger/v1.1/nanologger-v1.1-sources.jar
2020-09-08 11:52:18,535 [Worker-20: Download sources and javadoc] INFO  o.e.m.c.i.e.AbstractTransferListenerAdapter - Downloaded https://jitpack.io/com/github/ghaffarian/nanologger/v1.1/nanologger-v1.1-sources.jar
2020-09-08 11:52:18,608 [Worker-20: Download sources and javadoc] INFO  o.e.m.j.internal.DownloadSourcesJob - Downloaded sources for com.github.ghaffarian:nanologger:v1.1
2020-09-08 11:52:19,466 [Worker-3: Building] INFO  o.e.m.c.i.embedder.EclipseLogger - Using 'UTF-8' encoding to copy filtered resources.
2020-09-08 11:52:19,470 [Worker-3: Building] INFO  o.e.m.c.i.embedder.EclipseLogger - Copying 1 resource
2020-09-08 11:52:19,512 [Worker-3: Building] INFO  o.e.m.c.i.embedder.EclipseLogger - Using 'UTF-8' encoding to copy filtered resources.
2020-09-08 11:52:19,512 [Worker-3: Building] INFO  o.e.m.c.i.embedder.EclipseLogger - skip non existing resourceDirectory C:\workspace\tools\progex\progex\src\main\resources
2020-09-08 11:52:19,513 [Worker-3: Building] INFO  o.e.m.c.i.embedder.EclipseLogger - Using 'UTF-8' encoding to copy filtered resources.
2020-09-08 11:52:19,515 [Worker-3: Building] INFO  o.e.m.c.i.embedder.EclipseLogger - Copying 9 resources
2020-09-08 11:52:19,962 [Worker-20: Download sources and javadoc] INFO  o.e.m.c.i.e.AbstractTransferListenerAdapter - Downloading https://jitpack.io/com/github/ghaffarian/graphs/v2.5.0/graphs-v2.5.0-sources.jar
2020-09-08 11:52:20,842 [Worker-20: Download sources and javadoc] INFO  o.e.m.c.i.e.AbstractTransferListenerAdapter - Downloaded https://jitpack.io/com/github/ghaffarian/graphs/v2.5.0/graphs-v2.5.0-sources.jar
2020-09-08 11:52:20,928 [Worker-20: Download sources and javadoc] INFO  o.e.m.j.internal.DownloadSourcesJob - Downloaded sources for com.github.ghaffarian:graphs:v2.5.0
2020-09-08 11:52:20,943 [Worker-20: Download sources and javadoc] INFO  o.e.m.j.internal.DownloadSourcesJob - Downloaded sources for com.github.ghaffarian:nanologger:v1.1
2020-09-08 11:52:20,952 [Worker-20: Download sources and javadoc] INFO  o.e.m.j.internal.DownloadSourcesJob - Downloaded sources for com.github.ghaffarian:graphs:v2.5.0
2020-09-08 11:52:21,128 [Worker-20: Building] INFO  o.e.m.c.i.embedder.EclipseLogger - Using 'UTF-8' encoding to copy filtered resources.
2020-09-08 11:52:21,129 [Worker-20: Building] INFO  o.e.m.c.i.embedder.EclipseLogger - Copying 0 resource
2020-09-08 11:52:21,131 [Worker-20: Building] INFO  o.e.m.c.i.embedder.EclipseLogger - Using 'UTF-8' encoding to copy filtered resources.
2020-09-08 11:52:21,131 [Worker-20: Building] INFO  o.e.m.c.i.embedder.EclipseLogger - skip non existing resourceDirectory C:\workspace\tools\progex\progex\src\main\resources
2020-09-08 11:52:21,132 [Worker-20: Building] INFO  o.e.m.c.i.embedder.EclipseLogger - Using 'UTF-8' encoding to copy filtered resources.
2020-09-08 11:52:21,133 [Worker-20: Building] INFO  o.e.m.c.i.embedder.EclipseLogger - Copying 0 resource
2020-09-08 11:52:49,784 [Worker-18: Importing Maven projects] INFO  o.e.m.c.i.l.LifecycleMappingFactory - Using org.eclipse.m2e.jdt.JarLifecycleMapping lifecycle mapping for MavenProject: ghaffarian:graphs:2.5.0 @ C:\workspace\tools\progex\graphs\pom.xml.
2020-09-08 11:52:49,851 [Worker-18: Importing Maven projects] INFO  o.e.m.c.i.l.LifecycleMappingFactory - Using org.eclipse.m2e.jdt.JarLifecycleMapping lifecycle mapping for MavenProject: ghaffarian:nano-logger:1.1 @ C:\workspace\tools\progex\nanologger\pom.xml.
2020-09-08 11:52:49,924 [Worker-18: Importing Maven projects] INFO  o.e.m.c.i.l.LifecycleMappingFactory - Using org.eclipse.m2e.jdt.JarLifecycleMapping lifecycle mapping for MavenProject: ghaffarian:progex:3.4.5 @ C:\workspace\tools\progex\progex\pom.xml.
2020-09-08 11:52:50,209 [Worker-18: Importing Maven projects] INFO  o.e.m.j.i.AbstractJavaProjectConfigurator - Adding source folder /progex/src/main/java
2020-09-08 11:52:50,210 [Worker-18: Importing Maven projects] INFO  o.e.m.j.i.AbstractJavaProjectConfigurator - Adding source folder /progex/src/test/java
2020-09-08 11:52:50,210 [Worker-18: Importing Maven projects] INFO  o.e.m.j.i.AbstractJavaProjectConfigurator - Adding resource folder /progex/src/test/resources
2020-09-08 11:52:50,974 [Worker-18: Importing Maven projects] INFO  o.e.m.j.i.AbstractJavaProjectConfigurator - Adding source folder /graphs/src/main/java
2020-09-08 11:52:50,983 [Worker-18: Importing Maven projects] INFO  o.e.m.j.i.AbstractJavaProjectConfigurator - Adding source folder /graphs/src/test/java
2020-09-08 11:52:50,983 [Worker-18: Importing Maven projects] INFO  o.e.m.j.i.AbstractJavaProjectConfigurator - Adding resource folder /graphs/src/test/resources
2020-09-08 11:52:51,096 [Worker-18: Importing Maven projects] INFO  o.e.m.j.i.AbstractJavaProjectConfigurator - Adding source folder /nano-logger/src/main/java
2020-09-08 11:52:51,101 [Worker-18: Importing Maven projects] INFO  o.e.m.j.i.AbstractJavaProjectConfigurator - Adding source folder /nano-logger/src/test/java
2020-09-08 11:52:51,179 [Worker-18: Importing Maven projects] INFO  o.e.m.c.i.p.ProjectConfigurationManager - Imported and configured 3 project(s) in 1 sec
2020-09-08 11:52:51,897 [Worker-27: Building] INFO  o.e.m.c.i.embedder.EclipseLogger - Using 'UTF-8' encoding to copy filtered resources.
2020-09-08 11:52:51,898 [Worker-27: Building] INFO  o.e.m.c.i.embedder.EclipseLogger - skip non existing resourceDirectory C:\workspace\tools\progex\graphs\src\main\resources
2020-09-08 11:52:51,899 [Worker-27: Building] INFO  o.e.m.c.i.embedder.EclipseLogger - Using 'UTF-8' encoding to copy filtered resources.
2020-09-08 11:52:51,900 [Worker-27: Building] INFO  o.e.m.c.i.embedder.EclipseLogger - Copying 4 resources
2020-09-08 11:52:52,152 [Worker-27: Building] INFO  o.e.m.c.i.embedder.EclipseLogger - Using 'UTF-8' encoding to copy filtered resources.
2020-09-08 11:52:52,153 [Worker-27: Building] INFO  o.e.m.c.i.embedder.EclipseLogger - skip non existing resourceDirectory C:\workspace\tools\progex\nanologger\src\main\resources
2020-09-08 11:52:52,154 [Worker-27: Building] INFO  o.e.m.c.i.embedder.EclipseLogger - Using 'UTF-8' encoding to copy filtered resources.
2020-09-08 11:52:52,154 [Worker-27: Building] INFO  o.e.m.c.i.embedder.EclipseLogger - skip non existing resourceDirectory C:\workspace\tools\progex\nanologger\src\test\resources
2020-09-08 11:52:53,680 [Worker-27: Building] INFO  o.e.m.c.i.embedder.EclipseLogger - Using 'UTF-8' encoding to copy filtered resources.
2020-09-08 11:52:53,680 [Worker-27: Building] INFO  o.e.m.c.i.embedder.EclipseLogger - Copying 1 resource
2020-09-08 11:52:53,686 [Worker-27: Building] INFO  o.e.m.c.i.embedder.EclipseLogger - Using 'UTF-8' encoding to copy filtered resources.
2020-09-08 11:52:53,687 [Worker-27: Building] INFO  o.e.m.c.i.embedder.EclipseLogger - skip non existing resourceDirectory C:\workspace\tools\progex\progex\src\main\resources
2020-09-08 11:52:53,688 [Worker-27: Building] INFO  o.e.m.c.i.embedder.EclipseLogger - Using 'UTF-8' encoding to copy filtered resources.
2020-09-08 11:52:53,689 [Worker-27: Building] INFO  o.e.m.c.i.embedder.EclipseLogger - Copying 9 resources
2020-09-08 11:53:04,186 [Worker-25: Building] INFO  o.e.m.c.i.embedder.EclipseLogger - Using 'UTF-8' encoding to copy filtered resources.
2020-09-08 11:53:04,186 [Worker-25: Building] INFO  o.e.m.c.i.embedder.EclipseLogger - skip non existing resourceDirectory C:\workspace\tools\progex\graphs\src\main\resources
2020-09-08 11:53:04,187 [Worker-25: Building] INFO  o.e.m.c.i.embedder.EclipseLogger - Using 'UTF-8' encoding to copy filtered resources.
2020-09-08 11:53:04,189 [Worker-25: Building] INFO  o.e.m.c.i.embedder.EclipseLogger - Copying 0 resource
2020-09-08 11:53:04,195 [Worker-25: Building] INFO  o.e.m.c.i.embedder.EclipseLogger - Using 'UTF-8' encoding to copy filtered resources.
2020-09-08 11:53:04,195 [Worker-25: Building] INFO  o.e.m.c.i.embedder.EclipseLogger - skip non existing resourceDirectory C:\workspace\tools\progex\nanologger\src\main\resources
2020-09-08 11:53:04,196 [Worker-25: Building] INFO  o.e.m.c.i.embedder.EclipseLogger - Using 'UTF-8' encoding to copy filtered resources.
2020-09-08 11:53:04,196 [Worker-25: Building] INFO  o.e.m.c.i.embedder.EclipseLogger - skip non existing resourceDirectory C:\workspace\tools\progex\nanologger\src\test\resources
2020-09-08 11:53:04,203 [Worker-25: Building] INFO  o.e.m.c.i.embedder.EclipseLogger - Using 'UTF-8' encoding to copy filtered resources.
2020-09-08 11:53:04,204 [Worker-25: Building] INFO  o.e.m.c.i.embedder.EclipseLogger - Copying 0 resource
2020-09-08 11:53:04,205 [Worker-25: Building] INFO  o.e.m.c.i.embedder.EclipseLogger - Using 'UTF-8' encoding to copy filtered resources.
2020-09-08 11:53:04,205 [Worker-25: Building] INFO  o.e.m.c.i.embedder.EclipseLogger - skip non existing resourceDirectory C:\workspace\tools\progex\progex\src\main\resources
2020-09-08 11:53:04,206 [Worker-25: Building] INFO  o.e.m.c.i.embedder.EclipseLogger - Using 'UTF-8' encoding to copy filtered resources.
2020-09-08 11:53:04,206 [Worker-25: Building] INFO  o.e.m.c.i.embedder.EclipseLogger - Copying 0 resource
2020-09-08 14:22:16,621 [Worker-34: Building] INFO  o.e.m.c.i.embedder.EclipseLogger - Using 'UTF-8' encoding to copy filtered resources.
2020-09-08 14:22:16,622 [Worker-34: Building] INFO  o.e.m.c.i.embedder.EclipseLogger - Copying 0 resource
2020-09-08 14:22:16,623 [Worker-34: Building] INFO  o.e.m.c.i.embedder.EclipseLogger - Using 'UTF-8' encoding to copy filtered resources.
2020-09-08 14:22:16,623 [Worker-34: Building] INFO  o.e.m.c.i.embedder.EclipseLogger - skip non existing resourceDirectory C:\workspace\tools\progex\progex\src\main\resources
2020-09-08 14:22:16,624 [Worker-34: Building] INFO  o.e.m.c.i.embedder.EclipseLogger - Using 'UTF-8' encoding to copy filtered resources.
2020-09-08 14:22:16,624 [Worker-34: Building] INFO  o.e.m.c.i.embedder.EclipseLogger - Copying 0 resource
2020-09-08 14:22:42,426 [Worker-37: Building] INFO  o.e.m.c.i.embedder.EclipseLogger - Using 'UTF-8' encoding to copy filtered resources.
2020-09-08 14:22:42,426 [Worker-37: Building] INFO  o.e.m.c.i.embedder.EclipseLogger - Copying 0 resource
2020-09-08 14:22:42,428 [Worker-37: Building] INFO  o.e.m.c.i.embedder.EclipseLogger - Using 'UTF-8' encoding to copy filtered resources.
2020-09-08 14:22:42,428 [Worker-37: Building] INFO  o.e.m.c.i.embedder.EclipseLogger - skip non existing resourceDirectory C:\workspace\tools\progex\progex\src\main\resources
2020-09-08 14:22:42,429 [Worker-37: Building] INFO  o.e.m.c.i.embedder.EclipseLogger - Using 'UTF-8' encoding to copy filtered resources.
2020-09-08 14:22:42,430 [Worker-37: Building] INFO  o.e.m.c.i.embedder.EclipseLogger - Copying 0 resource
2020-09-08 14:23:27,894 [Worker-34: Building] INFO  o.e.m.c.i.embedder.EclipseLogger - Using 'UTF-8' encoding to copy filtered resources.
2020-09-08 14:23:27,894 [Worker-34: Building] INFO  o.e.m.c.i.embedder.EclipseLogger - Copying 0 resource
2020-09-08 14:23:27,895 [Worker-34: Building] INFO  o.e.m.c.i.embedder.EclipseLogger - Using 'UTF-8' encoding to copy filtered resources.
2020-09-08 14:23:27,895 [Worker-34: Building] INFO  o.e.m.c.i.embedder.EclipseLogger - skip non existing resourceDirectory C:\workspace\tools\progex\progex\src\main\resources
2020-09-08 14:23:27,896 [Worker-34: Building] INFO  o.e.m.c.i.embedder.EclipseLogger - Using 'UTF-8' encoding to copy filtered resources.
2020-09-08 14:23:27,896 [Worker-34: Building] INFO  o.e.m.c.i.embedder.EclipseLogger - Copying 0 resource
2020-09-08 14:24:44,497 [Worker-39: Launching Main] INFO  o.e.m.c.i.embedder.EclipseLogger - Using 'UTF-8' encoding to copy filtered resources.
2020-09-08 14:24:44,497 [Worker-39: Launching Main] INFO  o.e.m.c.i.embedder.EclipseLogger - Copying 0 resource
2020-09-08 14:24:44,499 [Worker-39: Launching Main] INFO  o.e.m.c.i.embedder.EclipseLogger - Using 'UTF-8' encoding to copy filtered resources.
2020-09-08 14:24:44,499 [Worker-39: Launching Main] INFO  o.e.m.c.i.embedder.EclipseLogger - skip non existing resourceDirectory C:\workspace\tools\progex\progex\src\main\resources
2020-09-08 14:24:44,500 [Worker-39: Launching Main] INFO  o.e.m.c.i.embedder.EclipseLogger - Using 'UTF-8' encoding to copy filtered resources.
